root - INFO - importing data
root - INFO - SUCCESS: data imported
root - INFO - creating target column
root - INFO - SUCCESS: target column created
root - INFO - starting eda
root - INFO - SUCCESS: eda completed
root - INFO - starting feature encoding
root - INFO - SUCCESS: features encoded
root - INFO - starting feature engineering
root - INFO - SUCCESS: feature engineering completed
root - INFO - training models started
root - INFO - SUCCESS: models trained
root - INFO - storing models
root - INFO - SUCCESS: models stored correctly
root - INFO - storing ROC curves
root - INFO - SUCCESS: ROC curves stored
root - INFO - storing random forest results
root - INFO - SUCCESS: random forest results stored
root - INFO - storing logistic regression results
root - INFO - SUCCESS: logistic regression results stored
root - INFO - storing random forest results
root - INFO - SUCCESS: random forest results stored
root - INFO - storing logistic regression results
root - INFO - SUCCESS: logistic regression results stored
